<?xml version="1.0" encoding="UTF-8"?>
<testng-results ignored="1" total="2" passed="1" failed="0" skipped="0">
  <reporter-output>
  </reporter-output>
  <suite started-at="2022-10-07T17:00:56 IST" name="Suite" finished-at="2022-10-07T17:00:56 IST" duration-ms="43">
    <groups>
      <group name="smoketest">
        <method signature="classroom1Test.gitMethods()[pri:0, instance:jenkins.classroom1Test@5ba3f27a]" name="gitMethods" class="jenkins.classroom1Test"/>
      </group> <!-- smoketest -->
    </groups>
    <test started-at="2022-10-07T17:00:56 IST" name="Test" finished-at="2022-10-07T17:00:56 IST" duration-ms="43">
      <class name="jenkins.classroom1Test">
        <test-method signature="gitMethods()[pri:0, instance:jenkins.classroom1Test@5ba3f27a]" started-at="2022-10-07T17:00:56 IST" name="gitMethods" finished-at="2022-10-07T17:00:56 IST" duration-ms="9" status="PASS">
          <reporter-output>
          </reporter-output>
        </test-method> <!-- gitMethods -->
      </class> <!-- jenkins.classroom1Test -->
    </test> <!-- Test -->
  </suite> <!-- Suite -->
</testng-results>
